{"name":"hexo","hostname":"gdccwxxdeMacBook-Air.local","pid":19221,"level":20,"msg":"Writing database to /Users/gdccwxx/git/gdccwxx.github.io/db.json","time":"2021-09-11T04:26:31.629Z","v":0}
{"name":"hexo","hostname":"gdccwxxdeMacBook-Air.local","pid":19221,"level":20,"msg":"Hexo version: \u001b[35m3.9.0\u001b[39m","time":"2021-09-11T04:26:31.634Z","v":0}
{"name":"hexo","hostname":"gdccwxxdeMacBook-Air.local","pid":19221,"level":20,"msg":"Working directory: \u001b[35m~/git/gdccwxx.github.io/\u001b[39m","time":"2021-09-11T04:26:31.634Z","v":0}
{"name":"hexo","hostname":"gdccwxxdeMacBook-Air.local","pid":19221,"level":20,"msg":"Config loaded: \u001b[35m~/git/gdccwxx.github.io/_config.yml\u001b[39m","time":"2021-09-11T04:26:31.682Z","v":0}
{"name":"hexo","hostname":"gdccwxxdeMacBook-Air.local","pid":19221,"level":20,"msg":"Plugin loaded: \u001b[35mhexo-asset-image\u001b[39m","time":"2021-09-11T04:26:31.716Z","v":0}
{"name":"hexo","hostname":"gdccwxxdeMacBook-Air.local","pid":19221,"level":20,"msg":"Plugin loaded: \u001b[35mhexo-generator-archive\u001b[39m","time":"2021-09-11T04:26:31.718Z","v":0}
{"name":"hexo","hostname":"gdccwxxdeMacBook-Air.local","pid":19221,"level":20,"msg":"Plugin loaded: \u001b[35mhexo-generator-index\u001b[39m","time":"2021-09-11T04:26:31.719Z","v":0}
{"name":"hexo","hostname":"gdccwxxdeMacBook-Air.local","pid":19221,"level":20,"msg":"Plugin loaded: \u001b[35mhexo-generator-category\u001b[39m","time":"2021-09-11T04:26:31.720Z","v":0}
{"name":"hexo","hostname":"gdccwxxdeMacBook-Air.local","pid":19221,"level":20,"msg":"Plugin loaded: \u001b[35mhexo-generator-json-content\u001b[39m","time":"2021-09-11T04:26:31.726Z","v":0}
{"name":"hexo","hostname":"gdccwxxdeMacBook-Air.local","pid":19221,"level":20,"msg":"Plugin loaded: \u001b[35mhexo-generator-tag\u001b[39m","time":"2021-09-11T04:26:31.728Z","v":0}
{"name":"hexo","hostname":"gdccwxxdeMacBook-Air.local","pid":19221,"level":20,"msg":"Plugin loaded: \u001b[35mhexo-renderer-ejs\u001b[39m","time":"2021-09-11T04:26:31.730Z","v":0}
{"name":"hexo","hostname":"gdccwxxdeMacBook-Air.local","pid":19221,"level":20,"msg":"Plugin loaded: \u001b[35mhexo-deployer-git\u001b[39m","time":"2021-09-11T04:26:31.779Z","v":0}
{"name":"hexo","hostname":"gdccwxxdeMacBook-Air.local","pid":19221,"level":20,"msg":"Plugin loaded: \u001b[35mhexo-renderer-marked\u001b[39m","time":"2021-09-11T04:26:31.782Z","v":0}
{"name":"hexo","hostname":"gdccwxxdeMacBook-Air.local","pid":19221,"level":20,"msg":"Plugin loaded: \u001b[35mhexo-renderer-stylus\u001b[39m","time":"2021-09-11T04:26:31.782Z","v":0}
{"name":"hexo","hostname":"gdccwxxdeMacBook-Air.local","pid":19221,"level":20,"msg":"Plugin loaded: \u001b[35mhexo-server\u001b[39m","time":"2021-09-11T04:26:31.811Z","v":0}
{"name":"hexo","hostname":"gdccwxxdeMacBook-Air.local","pid":19221,"level":20,"msg":"Plugin loaded: \u001b[35mhexo-generator-sitemap\u001b[39m","time":"2021-09-11T04:26:31.812Z","v":0}
{"name":"hexo","hostname":"gdccwxxdeMacBook-Air.local","pid":19221,"level":20,"msg":"Script loaded: \u001b[35mthemes/next/scripts/merge-configs.js\u001b[39m","time":"2021-09-11T04:26:31.815Z","v":0}
{"name":"hexo","hostname":"gdccwxxdeMacBook-Air.local","pid":19221,"level":20,"msg":"Script loaded: \u001b[35mthemes/next/scripts/tags/center-quote.js\u001b[39m","time":"2021-09-11T04:26:31.815Z","v":0}
{"name":"hexo","hostname":"gdccwxxdeMacBook-Air.local","pid":19221,"level":20,"msg":"Script loaded: \u001b[35mthemes/next/scripts/tags/exturl.js\u001b[39m","time":"2021-09-11T04:26:31.815Z","v":0}
{"name":"hexo","hostname":"gdccwxxdeMacBook-Air.local","pid":19221,"level":20,"msg":"Script loaded: \u001b[35mthemes/next/scripts/merge.js\u001b[39m","time":"2021-09-11T04:26:31.816Z","v":0}
{"name":"hexo","hostname":"gdccwxxdeMacBook-Air.local","pid":19221,"level":20,"msg":"Script loaded: \u001b[35mthemes/next/scripts/tags/button.js\u001b[39m","time":"2021-09-11T04:26:31.816Z","v":0}
{"name":"hexo","hostname":"gdccwxxdeMacBook-Air.local","pid":19221,"level":20,"msg":"Script loaded: \u001b[35mthemes/next/scripts/tags/full-image.js\u001b[39m","time":"2021-09-11T04:26:31.816Z","v":0}
{"name":"hexo","hostname":"gdccwxxdeMacBook-Air.local","pid":19221,"level":20,"msg":"Script loaded: \u001b[35mthemes/next/scripts/tags/group-pictures.js\u001b[39m","time":"2021-09-11T04:26:31.816Z","v":0}
{"name":"hexo","hostname":"gdccwxxdeMacBook-Air.local","pid":19221,"level":20,"msg":"Script loaded: \u001b[35mthemes/next/scripts/tags/label.js\u001b[39m","time":"2021-09-11T04:26:31.816Z","v":0}
{"name":"hexo","hostname":"gdccwxxdeMacBook-Air.local","pid":19221,"level":20,"msg":"Script loaded: \u001b[35mthemes/next/scripts/tags/lazy-image.js\u001b[39m","time":"2021-09-11T04:26:31.816Z","v":0}
{"name":"hexo","hostname":"gdccwxxdeMacBook-Air.local","pid":19221,"level":20,"msg":"Script loaded: \u001b[35mthemes/next/scripts/tags/note.js\u001b[39m","time":"2021-09-11T04:26:31.816Z","v":0}
{"name":"hexo","hostname":"gdccwxxdeMacBook-Air.local","pid":19221,"level":20,"msg":"Script loaded: \u001b[35mthemes/next/scripts/tags/tabs.js\u001b[39m","time":"2021-09-11T04:26:31.816Z","v":0}
{"name":"hexo","hostname":"gdccwxxdeMacBook-Air.local","pid":19221,"level":20,"msg":"Database saved","time":"2021-09-11T04:26:31.818Z","v":0}
